2023-08-16T10:07:22.361891998: Notice(title=Monday 15 Aug is a holiday!, content=It is Independence day, contact=Contact(name=Bruvi, phoneNumber=9xxxxxxxxx), creationTime=2023-08-16T10:07:22.188629430) was added.
2023-08-16T10:07:23.709322860: Notice(title=Monday 15 Aug is a holiday!, content=It is Independence day, contact=Contact(name=Bruvi, phoneNumber=9xxxxxxxxx), creationTime=2023-08-16T10:07:23.146496962) was added.
2023-08-16T10:07:23.965678544: Notice(title=Monday 15 Aug is a holiday!, content=It is Independence day, contact=Contact(name=Bruvi, phoneNumber=9xxxxxxxxx), creationTime=2023-08-16T10:07:23.615612385) was added.
2023-08-16T10:07:24.633511397: Notice(title=Monday 15 Aug is a holiday!, content=It is Independence day, contact=Contact(name=Bruvi, phoneNumber=9xxxxxxxxx), creationTime=2023-08-16T10:07:24.457649554) was added.
2023-08-16T10:18:23.481767421 Exception /home/test.txt2023-08-16T10:29:13.757289284java.nio.file.NoSuchFileException: /home/test.txt
	at java.base/sun.nio.fs.UnixException.translateToIOException(UnixException.java:92)
	at java.base/sun.nio.fs.UnixException.rethrowAsIOException(UnixException.java:106)
	at java.base/sun.nio.fs.UnixException.rethrowAsIOException(UnixException.java:111)
	at java.base/sun.nio.fs.UnixFileSystemProvider.newFileChannel(UnixFileSystemProvider.java:224)
	at java.base/java.nio.channels.FileChannel.open(FileChannel.java:308)
	at java.base/java.nio.channels.FileChannel.open(FileChannel.java:367)
	at java.base/java.nio.file.Files.lines(Files.java:4107)
	at java.base/java.nio.file.Files.lines(Files.java:4202)
	at noticeboard.JsonFilePersistence.load(JsonFilePersistence.java:45)
	at noticeboard.NoticeBoardTester.main(NoticeBoardTester.java:13)
2023-08-16T10:30:45.035813099java.nio.file.NoSuchFileException: ~/prodapt/learning-persistence/notice-board-log.log
	at java.base/sun.nio.fs.UnixException.translateToIOException(UnixException.java:92)
	at java.base/sun.nio.fs.UnixException.rethrowAsIOException(UnixException.java:106)
	at java.base/sun.nio.fs.UnixException.rethrowAsIOException(UnixException.java:111)
	at java.base/sun.nio.fs.UnixFileSystemProvider.newFileChannel(UnixFileSystemProvider.java:224)
	at java.base/java.nio.channels.FileChannel.open(FileChannel.java:308)
	at java.base/java.nio.channels.FileChannel.open(FileChannel.java:367)
	at java.base/java.nio.file.Files.lines(Files.java:4107)
	at java.base/java.nio.file.Files.lines(Files.java:4202)
	at noticeboard.JsonFilePersistence.load(JsonFilePersistence.java:45)
	at noticeboard.NoticeBoardTester.main(NoticeBoardTester.java:13)
2023-08-16T10:32:09.394536445com.google.gson.JsonSyntaxException: java.lang.IllegalStateException: Expected BEGIN_OBJECT but was STRING at line 1 column 1 path $
	at com.google.gson.internal.bind.ReflectiveTypeAdapterFactory$Adapter.read(ReflectiveTypeAdapterFactory.java:397)
	at com.google.gson.Gson.fromJson(Gson.java:1227)
	at com.google.gson.Gson.fromJson(Gson.java:1137)
	at com.google.gson.Gson.fromJson(Gson.java:1047)
	at com.google.gson.Gson.fromJson(Gson.java:982)
	at noticeboard.JsonFilePersistence.load(JsonFilePersistence.java:50)
	at noticeboard.NoticeBoardTester.main(NoticeBoardTester.java:13)
Caused by: java.lang.IllegalStateException: Expected BEGIN_OBJECT but was STRING at line 1 column 1 path $
	at com.google.gson.stream.JsonReader.beginObject(JsonReader.java:393)
	at com.google.gson.internal.bind.ReflectiveTypeAdapterFactory$Adapter.read(ReflectiveTypeAdapterFactory.java:386)
	... 6 more
